Client: Nikola Nikolov
Hotel: Reina Del Mar
Phone: 0891234442
Date: 2026-01-02T13:56:53.518740800

Client: Georgi Atanasov
Hotel: Reina Del Mar
Phone: 1234567892
Date: 2026-01-02T13:56:53.526735200

Client: Nikola Nikolov
Hotel: Reina Del Mar
Phone: 0891234442
Date: 02-01-2026 14:01:32

Client: Georgi Atanasov
Hotel: Reina Del Mar
Phone: 1234567892
Date: 02-01-2026 14:01:32

Client: Nikola Nikolov
Hotel: Reina Del Mar
Phone: 0891234442
Date: 02-01-2026 14:13:25

Client: Georgi Atanasov
Hotel: Reina Del Mar
Phone: 1234567892
Date: 02-01-2026 14:13:25

Client: Nikola Nikolov
Hotel: Reina Del Mar
Phone: 0891234442
Date: 02-01-2026 14:13:28

Client: Georgi Atanasov
Hotel: Reina Del Mar
Phone: 1234567892
Date: 02-01-2026 14:13:28

Client: Nikola Nikolov
Hotel: Reina Del Mar
Phone: 0891234442
Date: 02-01-2026 14:14:01

Client: Georgi Atanasov
Hotel: Reina Del Mar
Phone: 1234567892
Date: 02-01-2026 14:14:01

Client: Nikola Nikolov
Hotel: Reina Del Mar
Phone: 0891234442
Date: 02-01-2026 14:14:49

Client: Georgi Atanasov
Hotel: Reina Del Mar
Phone: 1234567892
Date: 02-01-2026 14:14:49

Client: Nikola Nikolov
Hotel: Reina Del Mar
Phone: 0891234442
Date: 02-01-2026 17:50:41
No shown count: 2
Client's rating: 0.00

Client: Georgi Atanasov
Hotel: Reina Del Mar
Phone: 1234567892
Date: 02-01-2026 17:50:41
No shown count: 2
Client's rating: 0.00

Client: Maximm Apostolov
Hotel: Reina Del Mar
Phone: 0898946871
Date: 02-01-2026 17:55:32
No shown count: 2
Client's rating: 0.00

